{
  "start_time": 1754869182.9015944,
  "suite_results": {
    "core_functionality": {
      "suite_name": "core_functionality",
      "start_time": 1754869182.9017477,
      "test_results": [
        "TestResult(test_id='test_basic_training_pipeline_1754869182', test_name='test_basic_training_pipeline', category=<TestCategory.INTEGRATION: 'integration'>, status=<TestStatus.PASSED: 'passed'>, execution_time=0.0030412673950195312, error_message=None, stack_trace=None, metrics={'pipeline_construction': True}, severity=<TestSeverity.MEDIUM: 'medium'>)",
        "TestResult(test_id='test_context_guard_1754869182', test_name='test_context_guard', category=<TestCategory.UNIT: 'unit'>, status=<TestStatus.FAILED: 'failed'>, execution_time=0.0016775131225585938, error_message='', stack_trace=None, metrics={}, severity=<TestSeverity.MEDIUM: 'medium'>)",
        "TestResult(test_id='test_privacy_config_1754869182', test_name='test_privacy_config', category=<TestCategory.PRIVACY: 'privacy'>, status=<TestStatus.PASSED: 'passed'>, execution_time=6.723403930664062e-05, error_message=None, stack_trace=None, metrics={'assertions_passed': 4}, severity=<TestSeverity.MEDIUM: 'medium'>)",
        "TestResult(test_id='test_private_trainer_1754869182', test_name='test_private_trainer', category=<TestCategory.UNIT: 'unit'>, status=<TestStatus.PASSED: 'passed'>, execution_time=0.0034942626953125, error_message=None, stack_trace=None, metrics={'trainer_initialized': True, 'privacy_tracking': True}, severity=<TestSeverity.MEDIUM: 'medium'>)"
      ],
      "summary": {
        "total_tests": 4,
        "passed_tests": 3,
        "failed_tests": 1,
        "pass_rate": 75.0,
        "average_execution_time": 0.0020700693130493164,
        "critical_failures": 0
      },
      "end_time": 1754869182.9081044,
      "duration": 0.006356716156005859
    },
    "research_algorithms": {
      "suite_name": "research_algorithms",
      "start_time": 1754869182.908357,
      "test_results": [
        "TestResult(test_id='test_adaptive_dp_algorithm_1754869182', test_name='test_adaptive_dp_algorithm', category=<TestCategory.PRIVACY: 'privacy'>, status=<TestStatus.PASSED: 'passed'>, execution_time=0.01206207275390625, error_message=None, stack_trace=None, metrics={'adaptation_working': True, 'privacy_tracking': True}, severity=<TestSeverity.MEDIUM: 'medium'>)",
        "TestResult(test_id='test_benchmark_suite_1754869182', test_name='test_benchmark_suite', category=<TestCategory.UNIT: 'unit'>, status=<TestStatus.PASSED: 'passed'>, execution_time=0.010454416275024414, error_message=None, stack_trace=None, metrics={'suite_initialized': True, 'config_validated': True}, severity=<TestSeverity.MEDIUM: 'medium'>)",
        "TestResult(test_id='test_hybrid_privacy_mechanism_1754869182', test_name='test_hybrid_privacy_mechanism', category=<TestCategory.PRIVACY: 'privacy'>, status=<TestStatus.PASSED: 'passed'>, execution_time=0.011809110641479492, error_message=None, stack_trace=None, metrics={'mechanism_initialized': True, 'modes_configured': True}, severity=<TestSeverity.MEDIUM: 'medium'>)",
        "TestResult(test_id='test_novel_algorithms_1754869182', test_name='test_novel_algorithms', category=<TestCategory.UNIT: 'unit'>, status=<TestStatus.FAILED: 'failed'>, execution_time=1.0013580322265625e-05, error_message='Test implementation not found: test_novel_algorithms', stack_trace=None, metrics={}, severity=<TestSeverity.MEDIUM: 'medium'>)"
      ],
      "summary": {
        "total_tests": 4,
        "passed_tests": 3,
        "failed_tests": 1,
        "pass_rate": 75.0,
        "average_execution_time": 0.008583903312683105,
        "critical_failures": 0
      },
      "end_time": 1754869182.9227502,
      "duration": 0.014393329620361328
    },
    "security_resilience": {
      "suite_name": "security_resilience",
      "start_time": 1754869182.9229586,
      "test_results": [
        "TestResult(test_id='test_threat_detector_1754869182', test_name='test_threat_detector', category=<TestCategory.SECURITY: 'security'>, status=<TestStatus.PASSED: 'passed'>, execution_time=0.002610921859741211, error_message=None, stack_trace=None, metrics={'detection_working': True, 'monitoring_configured': True}, severity=<TestSeverity.MEDIUM: 'medium'>)",
        "TestResult(test_id='test_security_alerts_1754869182', test_name='test_security_alerts', category=<TestCategory.SECURITY: 'security'>, status=<TestStatus.PASSED: 'passed'>, execution_time=0.00041794776916503906, error_message=None, stack_trace=None, metrics={'alert_system_functional': True}, severity=<TestSeverity.MEDIUM: 'medium'>)",
        "TestResult(test_id='test_failure_recovery_1754869182', test_name='test_failure_recovery', category=<TestCategory.UNIT: 'unit'>, status=<TestStatus.PASSED: 'passed'>, execution_time=0.0051724910736083984, error_message=None, stack_trace=None, metrics={'recovery_points': True, 'failure_handling': True}, severity=<TestSeverity.MEDIUM: 'medium'>)",
        "TestResult(test_id='test_emergency_protocols_1754869182', test_name='test_emergency_protocols', category=<TestCategory.UNIT: 'unit'>, status=<TestStatus.FAILED: 'failed'>, execution_time=1.9550323486328125e-05, error_message='Test implementation not found: test_emergency_protocols', stack_trace=None, metrics={}, severity=<TestSeverity.MEDIUM: 'medium'>)"
      ],
      "summary": {
        "total_tests": 4,
        "passed_tests": 3,
        "failed_tests": 1,
        "pass_rate": 75.0,
        "average_execution_time": 0.002055227756500244,
        "critical_failures": 0
      },
      "end_time": 1754869182.9322488,
      "duration": 0.009290218353271484
    },
    "scaling_performance": {
      "suite_name": "scaling_performance",
      "start_time": 1754869182.9323933,
      "test_results": [
        "TestResult(test_id='test_auto_scaler_1754869182', test_name='test_auto_scaler', category=<TestCategory.UNIT: 'unit'>, status=<TestStatus.PASSED: 'passed'>, execution_time=0.015166282653808594, error_message=None, stack_trace=None, metrics={'scaling_functional': True, 'cost_analysis': True}, severity=<TestSeverity.MEDIUM: 'medium'>)",
        "TestResult(test_id='test_load_handling_1754869182', test_name='test_load_handling', category=<TestCategory.UNIT: 'unit'>, status=<TestStatus.FAILED: 'failed'>, execution_time=1.0728836059570312e-05, error_message='Test implementation not found: test_load_handling', stack_trace=None, metrics={}, severity=<TestSeverity.MEDIUM: 'medium'>)",
        "TestResult(test_id='test_performance_optimizer_1754869182', test_name='test_performance_optimizer', category=<TestCategory.PERFORMANCE: 'performance'>, status=<TestStatus.PASSED: 'passed'>, execution_time=0.010275602340698242, error_message=None, stack_trace=None, metrics={'optimizer_configured': True, 'profile_set': True}, severity=<TestSeverity.MEDIUM: 'medium'>)",
        "TestResult(test_id='test_resource_management_1754869182', test_name='test_resource_management', category=<TestCategory.UNIT: 'unit'>, status=<TestStatus.FAILED: 'failed'>, execution_time=1.5735626220703125e-05, error_message='Test implementation not found: test_resource_management', stack_trace=None, metrics={}, severity=<TestSeverity.MEDIUM: 'medium'>)"
      ],
      "summary": {
        "total_tests": 4,
        "passed_tests": 2,
        "failed_tests": 2,
        "pass_rate": 50.0,
        "average_execution_time": 0.006367087364196777,
        "critical_failures": 0
      },
      "end_time": 1754869182.9496617,
      "duration": 0.01726841926574707
    },
    "privacy_compliance": {
      "suite_name": "privacy_compliance",
      "start_time": 1754869182.9498925,
      "test_results": [
        "TestResult(test_id='test_privacy_guarantees_1754869182', test_name='test_privacy_guarantees', category=<TestCategory.PRIVACY: 'privacy'>, status=<TestStatus.PASSED: 'passed'>, execution_time=6.29425048828125e-05, error_message=None, stack_trace=None, metrics={'privacy_calculations': True, 'budget_tracking': True}, severity=<TestSeverity.MEDIUM: 'medium'>)",
        "TestResult(test_id='test_differential_privacy_1754869182', test_name='test_differential_privacy', category=<TestCategory.PRIVACY: 'privacy'>, status=<TestStatus.PASSED: 'passed'>, execution_time=0.0024993419647216797, error_message=None, stack_trace=None, metrics={'noise_addition': True, 'privacy_accounting': True}, severity=<TestSeverity.MEDIUM: 'medium'>)",
        "TestResult(test_id='test_privacy_budget_tracking_1754869182', test_name='test_privacy_budget_tracking', category=<TestCategory.PRIVACY: 'privacy'>, status=<TestStatus.FAILED: 'failed'>, execution_time=1.52587890625e-05, error_message='Test implementation not found: test_privacy_budget_tracking', stack_trace=None, metrics={}, severity=<TestSeverity.CRITICAL: 'critical'>)",
        "TestResult(test_id='test_gdpr_compliance_1754869182', test_name='test_gdpr_compliance', category=<TestCategory.PRIVACY: 'privacy'>, status=<TestStatus.FAILED: 'failed'>, execution_time=0.0003113746643066406, error_message='', stack_trace=None, metrics={}, severity=<TestSeverity.CRITICAL: 'critical'>)",
        "TestResult(test_id='test_privacy_leakage_detection_1754869182', test_name='test_privacy_leakage_detection', category=<TestCategory.PRIVACY: 'privacy'>, status=<TestStatus.FAILED: 'failed'>, execution_time=9.775161743164062e-06, error_message='Test implementation not found: test_privacy_leakage_detection', stack_trace=None, metrics={}, severity=<TestSeverity.CRITICAL: 'critical'>)"
      ],
      "summary": {
        "total_tests": 5,
        "passed_tests": 2,
        "failed_tests": 3,
        "pass_rate": 40.0,
        "average_execution_time": 0.0005797386169433594,
        "critical_failures": 3
      },
      "end_time": 1754869182.9543533,
      "duration": 0.004460811614990234
    },
    "end_to_end": {
      "suite_name": "end_to_end",
      "start_time": 1754869182.9544966,
      "test_results": [
        "TestResult(test_id='test_complete_training_workflow_1754869182', test_name='test_complete_training_workflow', category=<TestCategory.INTEGRATION: 'integration'>, status=<TestStatus.PASSED: 'passed'>, execution_time=0.0011186599731445312, error_message=None, stack_trace=None, metrics={'component_integration': True, 'workflow_coordination': True}, severity=<TestSeverity.MEDIUM: 'medium'>)",
        "TestResult(test_id='test_distributed_training_1754869182', test_name='test_distributed_training', category=<TestCategory.UNIT: 'unit'>, status=<TestStatus.FAILED: 'failed'>, execution_time=1.2874603271484375e-05, error_message='Test implementation not found: test_distributed_training', stack_trace=None, metrics={}, severity=<TestSeverity.MEDIUM: 'medium'>)",
        "TestResult(test_id='test_production_deployment_1754869182', test_name='test_production_deployment', category=<TestCategory.UNIT: 'unit'>, status=<TestStatus.FAILED: 'failed'>, execution_time=1.049041748046875e-05, error_message='Test implementation not found: test_production_deployment', stack_trace=None, metrics={}, severity=<TestSeverity.MEDIUM: 'medium'>)",
        "TestResult(test_id='test_monitoring_integration_1754869182', test_name='test_monitoring_integration', category=<TestCategory.INTEGRATION: 'integration'>, status=<TestStatus.FAILED: 'failed'>, execution_time=9.298324584960938e-06, error_message='Test implementation not found: test_monitoring_integration', stack_trace=None, metrics={}, severity=<TestSeverity.MEDIUM: 'medium'>)"
      ],
      "summary": {
        "total_tests": 4,
        "passed_tests": 1,
        "failed_tests": 3,
        "pass_rate": 25.0,
        "average_execution_time": 0.00028783082962036133,
        "critical_failures": 0
      },
      "end_time": 1754869182.9566724,
      "duration": 0.0021758079528808594
    }
  },
  "summary": {
    "total_tests": 25,
    "total_passed": 14,
    "total_failed": 11,
    "overall_pass_rate": 56.00000000000001,
    "total_duration": 0.053945302963256836,
    "critical_failures": 3,
    "all_quality_gates_passed": false,
    "release_ready": false
  },
  "quality_gates": {
    "core_functionality": {
      "gates_passed": false,
      "gate_failures": [
        "Pass rate 75.0% below minimum 90.0%"
      ],
      "gate_warnings": []
    },
    "research_algorithms": {
      "gates_passed": false,
      "gate_failures": [
        "Pass rate 75.0% below minimum 90.0%"
      ],
      "gate_warnings": []
    },
    "security_resilience": {
      "gates_passed": false,
      "gate_failures": [
        "Pass rate 75.0% below minimum 90.0%"
      ],
      "gate_warnings": []
    },
    "scaling_performance": {
      "gates_passed": false,
      "gate_failures": [
        "Pass rate 50.0% below minimum 90.0%"
      ],
      "gate_warnings": []
    },
    "privacy_compliance": {
      "gates_passed": false,
      "gate_failures": [
        "Pass rate 40.0% below minimum 90.0%",
        "3 critical test failures"
      ],
      "gate_warnings": []
    },
    "end_to_end": {
      "gates_passed": false,
      "gate_failures": [
        "Pass rate 25.0% below minimum 90.0%"
      ],
      "gate_warnings": []
    }
  },
  "coverage": {
    "overall_coverage": 87.5,
    "module_coverage": {
      "privacy_finetuner.core": 92.3,
      "privacy_finetuner.research": 85.1,
      "privacy_finetuner.security": 89.7,
      "privacy_finetuner.resilience": 84.2,
      "privacy_finetuner.scaling": 86.8
    },
    "coverage_threshold": 85.0,
    "threshold_met": true
  },
  "recommendations": [
    "\u26a0\ufe0f System not ready for release - address failing quality gates",
    "\ud83d\udea8 3 critical failures must be fixed immediately",
    "\ud83d\udcc8 Improve test pass rate from 56.0% to >95%"
  ],
  "end_time": 1754869182.9567122,
  "total_duration": 0.05511784553527832
}